app/build/intermediates/manifest_merge_blame_file/coreDebug/manifest-merger-blame-core-debug-report.txt
1<?xml version="1.0" encoding="utf-8"?>
2<manifest xmlns:android="http://schemas.android.com/apk/res/android"
3    package="com.simplemobiletools.clock.debug"
4    android:versionCode="42"
5    android:versionName="5.11.2" >
6
7    <uses-sdk
8        android:minSdkVersion="23"
9        android:targetSdkVersion="34" />
10
11    <uses-permission android:name="com.android.alarm.permission.SET_ALARM" />
11-->src\main\AndroidManifest.xml:5:5-78
11-->src\main\AndroidManifest.xml:5:22-75
12    <uses-permission android:name="android.permission.VIBRATE" />
12-->src\main\AndroidManifest.xml:6:5-66
12-->src\main\AndroidManifest.xml:6:22-63
13    <uses-permission android:name="android.permission.RECEIVE_BOOT_COMPLETED" />
13-->src\main\AndroidManifest.xml:7:5-81
13-->src\main\AndroidManifest.xml:7:22-78
14    <uses-permission android:name="android.permission.USE_FULL_SCREEN_INTENT" />
14-->src\main\AndroidManifest.xml:8:5-81
14-->src\main\AndroidManifest.xml:8:22-78
15    <uses-permission
15-->src\main\AndroidManifest.xml:9:5-11:38
16        android:name="android.permission.SCHEDULE_EXACT_ALARM"
16-->src\main\AndroidManifest.xml:10:9-63
17        android:maxSdkVersion="32" />
17-->src\main\AndroidManifest.xml:11:9-35
18    <uses-permission android:name="android.permission.USE_EXACT_ALARM" />
18-->src\main\AndroidManifest.xml:12:5-74
18-->src\main\AndroidManifest.xml:12:22-71
19    <uses-permission android:name="android.permission.FOREGROUND_SERVICE" />
19-->src\main\AndroidManifest.xml:13:5-77
19-->src\main\AndroidManifest.xml:13:22-74
20    <uses-permission android:name="android.permission.FOREGROUND_SERVICE_SPECIAL_USE" />
20-->src\main\AndroidManifest.xml:14:5-89
20-->src\main\AndroidManifest.xml:14:22-86
21    <uses-permission android:name="android.permission.SYSTEM_ALERT_WINDOW" />
21-->src\main\AndroidManifest.xml:15:5-78
21-->src\main\AndroidManifest.xml:15:22-75
22    <uses-permission android:name="android.permission.WAKE_LOCK" />
22-->src\main\AndroidManifest.xml:16:5-68
22-->src\main\AndroidManifest.xml:16:22-65
23    <uses-permission android:name="android.permission.POST_NOTIFICATIONS" />
23-->src\main\AndroidManifest.xml:17:5-77
23-->src\main\AndroidManifest.xml:17:22-74
24    <uses-permission android:name="android.permission.INTERNET" />
24-->src\main\AndroidManifest.xml:24:5-67
24-->src\main\AndroidManifest.xml:24:22-64
25
26    <queries>
26-->[com.github.SimpleMobileTools:Simple-Commons:c573613da9] AndroidManifest.xml:8:5-11:15
27        <package android:name="com.simplemobiletools.thankyou.debug" />
27-->[com.github.SimpleMobileTools:Simple-Commons:c573613da9] AndroidManifest.xml:9:9-72
27-->[com.github.SimpleMobileTools:Simple-Commons:c573613da9] AndroidManifest.xml:9:18-69
28        <package android:name="com.simplemobiletools.thankyou" />
28-->[com.github.SimpleMobileTools:Simple-Commons:c573613da9] AndroidManifest.xml:10:9-66
28-->[com.github.SimpleMobileTools:Simple-Commons:c573613da9] AndroidManifest.xml:10:18-63
29    </queries>
30
31    <uses-feature
31-->[com.github.SimpleMobileTools:Simple-Commons:c573613da9] AndroidManifest.xml:13:5-15:36
32        android:name="android.hardware.faketouch"
32-->[com.github.SimpleMobileTools:Simple-Commons:c573613da9] AndroidManifest.xml:14:9-50
33        android:required="false" />
33-->[com.github.SimpleMobileTools:Simple-Commons:c573613da9] AndroidManifest.xml:15:9-33
34    <uses-feature
34-->[com.github.SimpleMobileTools:Simple-Commons:c573613da9] AndroidManifest.xml:16:5-18:36
35        android:name="android.hardware.screen.portrait"
35-->[com.github.SimpleMobileTools:Simple-Commons:c573613da9] AndroidManifest.xml:17:9-56
36        android:required="false" />
36-->[com.github.SimpleMobileTools:Simple-Commons:c573613da9] AndroidManifest.xml:18:9-33
37
38    <permission
38-->[androidx.core:core:1.12.0] AndroidManifest.xml:22:5-24:47
39        android:name="com.simplemobiletools.clock.debug.DYNAMIC_RECEIVER_NOT_EXPORTED_PERMISSION"
39-->[androidx.core:core:1.12.0] AndroidManifest.xml:23:9-81
40        android:protectionLevel="signature" />
40-->[androidx.core:core:1.12.0] AndroidManifest.xml:24:9-44
41
42    <application
42-->src\main\AndroidManifest.xml:26:5-449:19
43        android:name="com.simplemobiletools.clock.App"
43-->src\main\AndroidManifest.xml:27:9-28
44        android:allowBackup="true"
44-->src\main\AndroidManifest.xml:28:9-35
45        android:appCategory="productivity"
45-->src\main\AndroidManifest.xml:29:9-43
46        android:appComponentFactory="androidx.core.app.CoreComponentFactory"
46-->[androidx.core:core:1.12.0] AndroidManifest.xml:28:18-86
47        android:debuggable="true"
48        android:extractNativeLibs="false"
49        android:icon="@mipmap/ic_launcher"
49-->src\main\AndroidManifest.xml:30:9-43
50        android:label="@string/app_launcher_name"
50-->src\main\AndroidManifest.xml:31:9-50
51        android:localeConfig="@xml/locale_config"
51-->src\main\AndroidManifest.xml:32:9-50
52        android:roundIcon="@mipmap/ic_launcher"
52-->src\main\AndroidManifest.xml:33:9-48
53        android:supportsRtl="true"
53-->[com.github.SimpleMobileTools:Simple-Commons:c573613da9] AndroidManifest.xml:32:18-44
54        android:testOnly="true"
55        android:theme="@style/AppTheme" >
55-->src\main\AndroidManifest.xml:34:9-40
56        <activity
56-->src\main\AndroidManifest.xml:35:9-37:40
57            android:name="com.simplemobiletools.clock.activities.WebActivity"
57-->src\main\AndroidManifest.xml:36:13-51
58            android:exported="false" />
58-->src\main\AndroidManifest.xml:37:13-37
59        <activity
59-->src\main\AndroidManifest.xml:38:9-60:20
60            android:name="com.simplemobiletools.clock.activities.SplashActivity"
60-->src\main\AndroidManifest.xml:39:13-54
61            android:exported="true"
61-->src\main\AndroidManifest.xml:40:13-36
62            android:launchMode="singleTask"
62-->src\main\AndroidManifest.xml:41:13-44
63            android:theme="@style/SplashTheme" >
63-->src\main\AndroidManifest.xml:42:13-47
64            <intent-filter>
64-->src\main\AndroidManifest.xml:43:13-51:29
65                <action android:name="com.simplemobiletools.clock.TOGGLE_STOPWATCH" />
65-->src\main\AndroidManifest.xml:44:17-87
65-->src\main\AndroidManifest.xml:44:25-84
66                <action android:name="android.intent.action.SHOW_ALARMS" />
66-->src\main\AndroidManifest.xml:45:17-76
66-->src\main\AndroidManifest.xml:45:25-73
67                <action android:name="android.intent.action.SHOW_TIMERS" />
67-->src\main\AndroidManifest.xml:46:17-76
67-->src\main\AndroidManifest.xml:46:25-73
68                <action android:name="android.intent.action.SET_ALARM" />
68-->src\main\AndroidManifest.xml:47:17-74
68-->src\main\AndroidManifest.xml:47:25-71
69                <action android:name="android.intent.action.SET_TIMER" />
69-->src\main\AndroidManifest.xml:48:17-74
69-->src\main\AndroidManifest.xml:48:25-71
70
71                <category android:name="android.intent.category.DEFAULT" />
71-->src\main\AndroidManifest.xml:50:17-76
71-->src\main\AndroidManifest.xml:50:27-73
72            </intent-filter>
73            <intent-filter>
73-->src\main\AndroidManifest.xml:52:13-59:29
74                <action android:name="android.intent.action.DISMISS_ALARM" />
74-->src\main\AndroidManifest.xml:53:17-78
74-->src\main\AndroidManifest.xml:53:25-75
75                <action android:name="android.intent.action.DISMISS_TIMER" />
75-->src\main\AndroidManifest.xml:54:17-78
75-->src\main\AndroidManifest.xml:54:25-75
76
77                <data android:scheme="id" />
77-->src\main\AndroidManifest.xml:56:17-45
77-->src\main\AndroidManifest.xml:56:23-42
78
79                <category android:name="android.intent.category.DEFAULT" />
79-->src\main\AndroidManifest.xml:50:17-76
79-->src\main\AndroidManifest.xml:50:27-73
80            </intent-filter>
81        </activity>
82
83        <activity-alias
83-->src\main\AndroidManifest.xml:296:9-308:26
84            android:name="com.simplemobiletools.clock.activities.SplashActivity.Red"
84-->src\main\AndroidManifest.xml:297:13-58
85            android:enabled="false"
85-->src\main\AndroidManifest.xml:298:13-36
86            android:exported="true"
86-->src\main\AndroidManifest.xml:299:13-36
87            android:icon="@mipmap/ic_launcher_red"
87-->src\main\AndroidManifest.xml:300:13-51
88            android:roundIcon="@mipmap/ic_launcher_red"
88-->src\main\AndroidManifest.xml:301:13-56
89            android:targetActivity="com.simplemobiletools.clock.activities.SplashActivity" >
89-->src\main\AndroidManifest.xml:302:13-64
90            <intent-filter>
90-->src\main\AndroidManifest.xml:69:13-73:29
91                <action android:name="android.intent.action.MAIN" />
91-->src\main\AndroidManifest.xml:70:17-69
91-->src\main\AndroidManifest.xml:70:25-66
92
93                <category android:name="android.intent.category.LAUNCHER" />
93-->src\main\AndroidManifest.xml:72:17-77
93-->src\main\AndroidManifest.xml:72:27-74
94            </intent-filter>
95        </activity-alias>
96        <activity-alias
96-->src\main\AndroidManifest.xml:283:9-295:26
97            android:name="com.simplemobiletools.clock.activities.SplashActivity.Pink"
97-->src\main\AndroidManifest.xml:284:13-59
98            android:enabled="false"
98-->src\main\AndroidManifest.xml:285:13-36
99            android:exported="true"
99-->src\main\AndroidManifest.xml:286:13-36
100            android:icon="@mipmap/ic_launcher_pink"
100-->src\main\AndroidManifest.xml:287:13-52
101            android:roundIcon="@mipmap/ic_launcher_pink"
101-->src\main\AndroidManifest.xml:288:13-57
102            android:targetActivity="com.simplemobiletools.clock.activities.SplashActivity" >
102-->src\main\AndroidManifest.xml:289:13-64
103            <intent-filter>
103-->src\main\AndroidManifest.xml:69:13-73:29
104                <action android:name="android.intent.action.MAIN" />
104-->src\main\AndroidManifest.xml:70:17-69
104-->src\main\AndroidManifest.xml:70:25-66
105
106                <category android:name="android.intent.category.LAUNCHER" />
106-->src\main\AndroidManifest.xml:72:17-77
106-->src\main\AndroidManifest.xml:72:27-74
107            </intent-filter>
108        </activity-alias>
109        <activity-alias
109-->src\main\AndroidManifest.xml:270:9-282:26
110            android:name="com.simplemobiletools.clock.activities.SplashActivity.Purple"
110-->src\main\AndroidManifest.xml:271:13-61
111            android:enabled="false"
111-->src\main\AndroidManifest.xml:272:13-36
112            android:exported="true"
112-->src\main\AndroidManifest.xml:273:13-36
113            android:icon="@mipmap/ic_launcher_purple"
113-->src\main\AndroidManifest.xml:274:13-54
114            android:roundIcon="@mipmap/ic_launcher_purple"
114-->src\main\AndroidManifest.xml:275:13-59
115            android:targetActivity="com.simplemobiletools.clock.activities.SplashActivity" >
115-->src\main\AndroidManifest.xml:276:13-64
116            <intent-filter>
116-->src\main\AndroidManifest.xml:69:13-73:29
117                <action android:name="android.intent.action.MAIN" />
117-->src\main\AndroidManifest.xml:70:17-69
117-->src\main\AndroidManifest.xml:70:25-66
118
119                <category android:name="android.intent.category.LAUNCHER" />
119-->src\main\AndroidManifest.xml:72:17-77
119-->src\main\AndroidManifest.xml:72:27-74
120            </intent-filter>
121        </activity-alias>
122        <activity-alias
122-->src\main\AndroidManifest.xml:257:9-269:26
123            android:name="com.simplemobiletools.clock.activities.SplashActivity.Deep_purple"
123-->src\main\AndroidManifest.xml:258:13-66
124            android:enabled="false"
124-->src\main\AndroidManifest.xml:259:13-36
125            android:exported="true"
125-->src\main\AndroidManifest.xml:260:13-36
126            android:icon="@mipmap/ic_launcher_deep_purple"
126-->src\main\AndroidManifest.xml:261:13-59
127            android:roundIcon="@mipmap/ic_launcher_deep_purple"
127-->src\main\AndroidManifest.xml:262:13-64
128            android:targetActivity="com.simplemobiletools.clock.activities.SplashActivity" >
128-->src\main\AndroidManifest.xml:263:13-64
129            <intent-filter>
129-->src\main\AndroidManifest.xml:69:13-73:29
130                <action android:name="android.intent.action.MAIN" />
130-->src\main\AndroidManifest.xml:70:17-69
130-->src\main\AndroidManifest.xml:70:25-66
131
132                <category android:name="android.intent.category.LAUNCHER" />
132-->src\main\AndroidManifest.xml:72:17-77
132-->src\main\AndroidManifest.xml:72:27-74
133            </intent-filter>
134        </activity-alias>
135        <activity-alias
135-->src\main\AndroidManifest.xml:244:9-256:26
136            android:name="com.simplemobiletools.clock.activities.SplashActivity.Indigo"
136-->src\main\AndroidManifest.xml:245:13-61
137            android:enabled="false"
137-->src\main\AndroidManifest.xml:246:13-36
138            android:exported="true"
138-->src\main\AndroidManifest.xml:247:13-36
139            android:icon="@mipmap/ic_launcher_indigo"
139-->src\main\AndroidManifest.xml:248:13-54
140            android:roundIcon="@mipmap/ic_launcher_indigo"
140-->src\main\AndroidManifest.xml:249:13-59
141            android:targetActivity="com.simplemobiletools.clock.activities.SplashActivity" >
141-->src\main\AndroidManifest.xml:250:13-64
142            <intent-filter>
142-->src\main\AndroidManifest.xml:69:13-73:29
143                <action android:name="android.intent.action.MAIN" />
143-->src\main\AndroidManifest.xml:70:17-69
143-->src\main\AndroidManifest.xml:70:25-66
144
145                <category android:name="android.intent.category.LAUNCHER" />
145-->src\main\AndroidManifest.xml:72:17-77
145-->src\main\AndroidManifest.xml:72:27-74
146            </intent-filter>
147        </activity-alias>
148        <activity-alias
148-->src\main\AndroidManifest.xml:231:9-243:26
149            android:name="com.simplemobiletools.clock.activities.SplashActivity.Blue"
149-->src\main\AndroidManifest.xml:232:13-59
150            android:enabled="false"
150-->src\main\AndroidManifest.xml:233:13-36
151            android:exported="true"
151-->src\main\AndroidManifest.xml:234:13-36
152            android:icon="@mipmap/ic_launcher_blue"
152-->src\main\AndroidManifest.xml:235:13-52
153            android:roundIcon="@mipmap/ic_launcher_blue"
153-->src\main\AndroidManifest.xml:236:13-57
154            android:targetActivity="com.simplemobiletools.clock.activities.SplashActivity" >
154-->src\main\AndroidManifest.xml:237:13-64
155            <intent-filter>
155-->src\main\AndroidManifest.xml:69:13-73:29
156                <action android:name="android.intent.action.MAIN" />
156-->src\main\AndroidManifest.xml:70:17-69
156-->src\main\AndroidManifest.xml:70:25-66
157
158                <category android:name="android.intent.category.LAUNCHER" />
158-->src\main\AndroidManifest.xml:72:17-77
158-->src\main\AndroidManifest.xml:72:27-74
159            </intent-filter>
160        </activity-alias>
161        <activity-alias
161-->src\main\AndroidManifest.xml:218:9-230:26
162            android:name="com.simplemobiletools.clock.activities.SplashActivity.Light_blue"
162-->src\main\AndroidManifest.xml:219:13-65
163            android:enabled="false"
163-->src\main\AndroidManifest.xml:220:13-36
164            android:exported="true"
164-->src\main\AndroidManifest.xml:221:13-36
165            android:icon="@mipmap/ic_launcher_light_blue"
165-->src\main\AndroidManifest.xml:222:13-58
166            android:roundIcon="@mipmap/ic_launcher_light_blue"
166-->src\main\AndroidManifest.xml:223:13-63
167            android:targetActivity="com.simplemobiletools.clock.activities.SplashActivity" >
167-->src\main\AndroidManifest.xml:224:13-64
168            <intent-filter>
168-->src\main\AndroidManifest.xml:69:13-73:29
169                <action android:name="android.intent.action.MAIN" />
169-->src\main\AndroidManifest.xml:70:17-69
169-->src\main\AndroidManifest.xml:70:25-66
170
171                <category android:name="android.intent.category.LAUNCHER" />
171-->src\main\AndroidManifest.xml:72:17-77
171-->src\main\AndroidManifest.xml:72:27-74
172            </intent-filter>
173        </activity-alias>
174        <activity-alias
174-->src\main\AndroidManifest.xml:205:9-217:26
175            android:name="com.simplemobiletools.clock.activities.SplashActivity.Cyan"
175-->src\main\AndroidManifest.xml:206:13-59
176            android:enabled="false"
176-->src\main\AndroidManifest.xml:207:13-36
177            android:exported="true"
177-->src\main\AndroidManifest.xml:208:13-36
178            android:icon="@mipmap/ic_launcher_cyan"
178-->src\main\AndroidManifest.xml:209:13-52
179            android:roundIcon="@mipmap/ic_launcher_cyan"
179-->src\main\AndroidManifest.xml:210:13-57
180            android:targetActivity="com.simplemobiletools.clock.activities.SplashActivity" >
180-->src\main\AndroidManifest.xml:211:13-64
181            <intent-filter>
181-->src\main\AndroidManifest.xml:69:13-73:29
182                <action android:name="android.intent.action.MAIN" />
182-->src\main\AndroidManifest.xml:70:17-69
182-->src\main\AndroidManifest.xml:70:25-66
183
184                <category android:name="android.intent.category.LAUNCHER" />
184-->src\main\AndroidManifest.xml:72:17-77
184-->src\main\AndroidManifest.xml:72:27-74
185            </intent-filter>
186        </activity-alias>
187        <activity-alias
187-->src\main\AndroidManifest.xml:192:9-204:26
188            android:name="com.simplemobiletools.clock.activities.SplashActivity.Teal"
188-->src\main\AndroidManifest.xml:193:13-59
189            android:enabled="false"
189-->src\main\AndroidManifest.xml:194:13-36
190            android:exported="true"
190-->src\main\AndroidManifest.xml:195:13-36
191            android:icon="@mipmap/ic_launcher_teal"
191-->src\main\AndroidManifest.xml:196:13-52
192            android:roundIcon="@mipmap/ic_launcher_teal"
192-->src\main\AndroidManifest.xml:197:13-57
193            android:targetActivity="com.simplemobiletools.clock.activities.SplashActivity" >
193-->src\main\AndroidManifest.xml:198:13-64
194            <intent-filter>
194-->src\main\AndroidManifest.xml:69:13-73:29
195                <action android:name="android.intent.action.MAIN" />
195-->src\main\AndroidManifest.xml:70:17-69
195-->src\main\AndroidManifest.xml:70:25-66
196
197                <category android:name="android.intent.category.LAUNCHER" />
197-->src\main\AndroidManifest.xml:72:17-77
197-->src\main\AndroidManifest.xml:72:27-74
198            </intent-filter>
199        </activity-alias>
200        <activity-alias
200-->src\main\AndroidManifest.xml:179:9-191:26
201            android:name="com.simplemobiletools.clock.activities.SplashActivity.Green"
201-->src\main\AndroidManifest.xml:180:13-60
202            android:enabled="false"
202-->src\main\AndroidManifest.xml:181:13-36
203            android:exported="true"
203-->src\main\AndroidManifest.xml:182:13-36
204            android:icon="@mipmap/ic_launcher_green"
204-->src\main\AndroidManifest.xml:183:13-53
205            android:roundIcon="@mipmap/ic_launcher_green"
205-->src\main\AndroidManifest.xml:184:13-58
206            android:targetActivity="com.simplemobiletools.clock.activities.SplashActivity" >
206-->src\main\AndroidManifest.xml:185:13-64
207            <intent-filter>
207-->src\main\AndroidManifest.xml:69:13-73:29
208                <action android:name="android.intent.action.MAIN" />
208-->src\main\AndroidManifest.xml:70:17-69
208-->src\main\AndroidManifest.xml:70:25-66
209
210                <category android:name="android.intent.category.LAUNCHER" />
210-->src\main\AndroidManifest.xml:72:17-77
210-->src\main\AndroidManifest.xml:72:27-74
211            </intent-filter>
212        </activity-alias>
213        <activity-alias
213-->src\main\AndroidManifest.xml:166:9-178:26
214            android:name="com.simplemobiletools.clock.activities.SplashActivity.Light_green"
214-->src\main\AndroidManifest.xml:167:13-66
215            android:enabled="false"
215-->src\main\AndroidManifest.xml:168:13-36
216            android:exported="true"
216-->src\main\AndroidManifest.xml:169:13-36
217            android:icon="@mipmap/ic_launcher_light_green"
217-->src\main\AndroidManifest.xml:170:13-59
218            android:roundIcon="@mipmap/ic_launcher_light_green"
218-->src\main\AndroidManifest.xml:171:13-64
219            android:targetActivity="com.simplemobiletools.clock.activities.SplashActivity" >
219-->src\main\AndroidManifest.xml:172:13-64
220            <intent-filter>
220-->src\main\AndroidManifest.xml:69:13-73:29
221                <action android:name="android.intent.action.MAIN" />
221-->src\main\AndroidManifest.xml:70:17-69
221-->src\main\AndroidManifest.xml:70:25-66
222
223                <category android:name="android.intent.category.LAUNCHER" />
223-->src\main\AndroidManifest.xml:72:17-77
223-->src\main\AndroidManifest.xml:72:27-74
224            </intent-filter>
225        </activity-alias>
226        <activity-alias
226-->src\main\AndroidManifest.xml:153:9-165:26
227            android:name="com.simplemobiletools.clock.activities.SplashActivity.Lime"
227-->src\main\AndroidManifest.xml:154:13-59
228            android:enabled="false"
228-->src\main\AndroidManifest.xml:155:13-36
229            android:exported="true"
229-->src\main\AndroidManifest.xml:156:13-36
230            android:icon="@mipmap/ic_launcher_lime"
230-->src\main\AndroidManifest.xml:157:13-52
231            android:roundIcon="@mipmap/ic_launcher_lime"
231-->src\main\AndroidManifest.xml:158:13-57
232            android:targetActivity="com.simplemobiletools.clock.activities.SplashActivity" >
232-->src\main\AndroidManifest.xml:159:13-64
233            <intent-filter>
233-->src\main\AndroidManifest.xml:69:13-73:29
234                <action android:name="android.intent.action.MAIN" />
234-->src\main\AndroidManifest.xml:70:17-69
234-->src\main\AndroidManifest.xml:70:25-66
235
236                <category android:name="android.intent.category.LAUNCHER" />
236-->src\main\AndroidManifest.xml:72:17-77
236-->src\main\AndroidManifest.xml:72:27-74
237            </intent-filter>
238        </activity-alias>
239        <activity-alias
239-->src\main\AndroidManifest.xml:140:9-152:26
240            android:name="com.simplemobiletools.clock.activities.SplashActivity.Yellow"
240-->src\main\AndroidManifest.xml:141:13-61
241            android:enabled="false"
241-->src\main\AndroidManifest.xml:142:13-36
242            android:exported="true"
242-->src\main\AndroidManifest.xml:143:13-36
243            android:icon="@mipmap/ic_launcher_yellow"
243-->src\main\AndroidManifest.xml:144:13-54
244            android:roundIcon="@mipmap/ic_launcher_yellow"
244-->src\main\AndroidManifest.xml:145:13-59
245            android:targetActivity="com.simplemobiletools.clock.activities.SplashActivity" >
245-->src\main\AndroidManifest.xml:146:13-64
246            <intent-filter>
246-->src\main\AndroidManifest.xml:69:13-73:29
247                <action android:name="android.intent.action.MAIN" />
247-->src\main\AndroidManifest.xml:70:17-69
247-->src\main\AndroidManifest.xml:70:25-66
248
249                <category android:name="android.intent.category.LAUNCHER" />
249-->src\main\AndroidManifest.xml:72:17-77
249-->src\main\AndroidManifest.xml:72:27-74
250            </intent-filter>
251        </activity-alias>
252        <activity-alias
252-->src\main\AndroidManifest.xml:127:9-139:26
253            android:name="com.simplemobiletools.clock.activities.SplashActivity.Amber"
253-->src\main\AndroidManifest.xml:128:13-60
254            android:enabled="false"
254-->src\main\AndroidManifest.xml:129:13-36
255            android:exported="true"
255-->src\main\AndroidManifest.xml:130:13-36
256            android:icon="@mipmap/ic_launcher_amber"
256-->src\main\AndroidManifest.xml:131:13-53
257            android:roundIcon="@mipmap/ic_launcher_amber"
257-->src\main\AndroidManifest.xml:132:13-58
258            android:targetActivity="com.simplemobiletools.clock.activities.SplashActivity" >
258-->src\main\AndroidManifest.xml:133:13-64
259            <intent-filter>
259-->src\main\AndroidManifest.xml:69:13-73:29
260                <action android:name="android.intent.action.MAIN" />
260-->src\main\AndroidManifest.xml:70:17-69
260-->src\main\AndroidManifest.xml:70:25-66
261
262                <category android:name="android.intent.category.LAUNCHER" />
262-->src\main\AndroidManifest.xml:72:17-77
262-->src\main\AndroidManifest.xml:72:27-74
263            </intent-filter>
264        </activity-alias>
265        <activity-alias
265-->src\main\AndroidManifest.xml:114:9-126:26
266            android:name="com.simplemobiletools.clock.activities.SplashActivity.Orange"
266-->src\main\AndroidManifest.xml:115:13-61
267            android:enabled="true"
267-->src\main\AndroidManifest.xml:116:13-35
268            android:exported="true"
268-->src\main\AndroidManifest.xml:117:13-36
269            android:icon="@mipmap/ic_launcher"
269-->src\main\AndroidManifest.xml:118:13-47
270            android:roundIcon="@mipmap/ic_launcher"
270-->src\main\AndroidManifest.xml:119:13-52
271            android:targetActivity="com.simplemobiletools.clock.activities.SplashActivity" >
271-->src\main\AndroidManifest.xml:120:13-64
272            <intent-filter>
272-->src\main\AndroidManifest.xml:69:13-73:29
273                <action android:name="android.intent.action.MAIN" />
273-->src\main\AndroidManifest.xml:70:17-69
273-->src\main\AndroidManifest.xml:70:25-66
274
275                <category android:name="android.intent.category.LAUNCHER" />
275-->src\main\AndroidManifest.xml:72:17-77
275-->src\main\AndroidManifest.xml:72:27-74
276            </intent-filter>
277        </activity-alias>
278        <activity-alias
278-->src\main\AndroidManifest.xml:101:9-113:26
279            android:name="com.simplemobiletools.clock.activities.SplashActivity.Deep_orange"
279-->src\main\AndroidManifest.xml:102:13-66
280            android:enabled="false"
280-->src\main\AndroidManifest.xml:103:13-36
281            android:exported="true"
281-->src\main\AndroidManifest.xml:104:13-36
282            android:icon="@mipmap/ic_launcher_deep_orange"
282-->src\main\AndroidManifest.xml:105:13-59
283            android:roundIcon="@mipmap/ic_launcher_deep_orange"
283-->src\main\AndroidManifest.xml:106:13-64
284            android:targetActivity="com.simplemobiletools.clock.activities.SplashActivity" >
284-->src\main\AndroidManifest.xml:107:13-64
285            <intent-filter>
285-->src\main\AndroidManifest.xml:69:13-73:29
286                <action android:name="android.intent.action.MAIN" />
286-->src\main\AndroidManifest.xml:70:17-69
286-->src\main\AndroidManifest.xml:70:25-66
287
288                <category android:name="android.intent.category.LAUNCHER" />
288-->src\main\AndroidManifest.xml:72:17-77
288-->src\main\AndroidManifest.xml:72:27-74
289            </intent-filter>
290        </activity-alias>
291        <activity-alias
291-->src\main\AndroidManifest.xml:88:9-100:26
292            android:name="com.simplemobiletools.clock.activities.SplashActivity.Brown"
292-->src\main\AndroidManifest.xml:89:13-60
293            android:enabled="false"
293-->src\main\AndroidManifest.xml:90:13-36
294            android:exported="true"
294-->src\main\AndroidManifest.xml:91:13-36
295            android:icon="@mipmap/ic_launcher_brown"
295-->src\main\AndroidManifest.xml:92:13-53
296            android:roundIcon="@mipmap/ic_launcher_brown"
296-->src\main\AndroidManifest.xml:93:13-58
297            android:targetActivity="com.simplemobiletools.clock.activities.SplashActivity" >
297-->src\main\AndroidManifest.xml:94:13-64
298            <intent-filter>
298-->src\main\AndroidManifest.xml:69:13-73:29
299                <action android:name="android.intent.action.MAIN" />
299-->src\main\AndroidManifest.xml:70:17-69
299-->src\main\AndroidManifest.xml:70:25-66
300
301                <category android:name="android.intent.category.LAUNCHER" />
301-->src\main\AndroidManifest.xml:72:17-77
301-->src\main\AndroidManifest.xml:72:27-74
302            </intent-filter>
303        </activity-alias>
304        <activity-alias
304-->src\main\AndroidManifest.xml:75:9-87:26
305            android:name="com.simplemobiletools.clock.activities.SplashActivity.Blue_grey"
305-->src\main\AndroidManifest.xml:76:13-64
306            android:enabled="false"
306-->src\main\AndroidManifest.xml:77:13-36
307            android:exported="true"
307-->src\main\AndroidManifest.xml:78:13-36
308            android:icon="@mipmap/ic_launcher_blue_grey"
308-->src\main\AndroidManifest.xml:79:13-57
309            android:roundIcon="@mipmap/ic_launcher_blue_grey"
309-->src\main\AndroidManifest.xml:80:13-62
310            android:targetActivity="com.simplemobiletools.clock.activities.SplashActivity" >
310-->src\main\AndroidManifest.xml:81:13-64
311            <intent-filter>
311-->src\main\AndroidManifest.xml:69:13-73:29
312                <action android:name="android.intent.action.MAIN" />
312-->src\main\AndroidManifest.xml:70:17-69
312-->src\main\AndroidManifest.xml:70:25-66
313
314                <category android:name="android.intent.category.LAUNCHER" />
314-->src\main\AndroidManifest.xml:72:17-77
314-->src\main\AndroidManifest.xml:72:27-74
315            </intent-filter>
316        </activity-alias>
317        <activity-alias
317-->src\main\AndroidManifest.xml:62:9-74:26
318            android:name="com.simplemobiletools.clock.activities.SplashActivity.Grey_black"
318-->src\main\AndroidManifest.xml:63:13-65
319            android:enabled="false"
319-->src\main\AndroidManifest.xml:64:13-36
320            android:exported="true"
320-->src\main\AndroidManifest.xml:65:13-36
321            android:icon="@mipmap/ic_launcher_grey_black"
321-->src\main\AndroidManifest.xml:66:13-58
322            android:roundIcon="@mipmap/ic_launcher_grey_black"